<?xml version="1.0" encoding="UTF-8"?>
<!-- Generated by org.testng.reporters.JUnitReportReporter -->
<testsuite hostname="LAPTOP-95NO9S2C" failures="0" tests="1" name="kdf.Application" time="20.866" errors="0" timestamp="2022-01-15T23:31:43 IST" skipped="0">
  <testcase classname="kdf.Application" name="invalidLoginTest" time="20.866"/>
  <system-out/>
</testsuite> <!-- kdf.Application -->
